D:\PROIECT\PROGRAM_PRACTICE\STL_VECTOR\DEBUG\STL_VECTOR.EXE
D:\PROIECT\PROGRAM_PRACTICE\STL_VECTOR\DEBUG\STL_VECTOR.ILK
D:\PROIECT\PROGRAM_PRACTICE\STL_VECTOR\DEBUG\STL_VECTOR.PDB
D:\Proiect\Program_practice\STL_vector\STL_vector\Debug\cl.command.1.tlog
D:\Proiect\Program_practice\STL_vector\STL_vector\Debug\CL.read.1.tlog
D:\Proiect\Program_practice\STL_vector\STL_vector\Debug\CL.write.1.tlog
D:\Proiect\Program_practice\STL_vector\STL_vector\Debug\link.7480.read.1.tlog
D:\Proiect\Program_practice\STL_vector\STL_vector\Debug\link.7480.write.1.tlog
D:\Proiect\Program_practice\STL_vector\STL_vector\Debug\link.7480-cvtres.read.1.tlog
D:\Proiect\Program_practice\STL_vector\STL_vector\Debug\link.7480-cvtres.write.1.tlog
D:\Proiect\Program_practice\STL_vector\STL_vector\Debug\link.8988.read.1.tlog
D:\Proiect\Program_practice\STL_vector\STL_vector\Debug\link.8988.write.1.tlog
D:\Proiect\Program_practice\STL_vector\STL_vector\Debug\link.8988-cvtres.read.1.tlog
D:\Proiect\Program_practice\STL_vector\STL_vector\Debug\link.8988-cvtres.write.1.tlog
D:\Proiect\Program_practice\STL_vector\STL_vector\Debug\link.command.1.tlog
D:\Proiect\Program_practice\STL_vector\STL_vector\Debug\link.read.1.tlog
D:\Proiect\Program_practice\STL_vector\STL_vector\Debug\link.write.1.tlog
D:\Proiect\Program_practice\STL_vector\STL_vector\Debug\link-cvtres.read.1.tlog
D:\Proiect\Program_practice\STL_vector\STL_vector\Debug\link-cvtres.write.1.tlog
D:\Proiect\Program_practice\STL_vector\STL_vector\Debug\mt.command.1.tlog
D:\Proiect\Program_practice\STL_vector\STL_vector\Debug\mt.read.1.tlog
D:\Proiect\Program_practice\STL_vector\STL_vector\Debug\mt.write.1.tlog
D:\Proiect\Program_practice\STL_vector\STL_vector\Debug\rc.command.1.tlog
D:\Proiect\Program_practice\STL_vector\STL_vector\Debug\rc.read.1.tlog
D:\Proiect\Program_practice\STL_vector\STL_vector\Debug\rc.write.1.tlog
D:\PROIECT\PROGRAM_PRACTICE\STL_VECTOR\STL_VECTOR\DEBUG\STDAFX.OBJ
D:\PROIECT\PROGRAM_PRACTICE\STL_VECTOR\STL_VECTOR\DEBUG\STL_VECTOR.EXE.EMBED.MANIFEST
D:\PROIECT\PROGRAM_PRACTICE\STL_VECTOR\STL_VECTOR\DEBUG\STL_VECTOR.EXE.EMBED.MANIFEST.RES
D:\PROIECT\PROGRAM_PRACTICE\STL_VECTOR\STL_VECTOR\DEBUG\STL_VECTOR.EXE.INTERMEDIATE.MANIFEST
D:\PROIECT\PROGRAM_PRACTICE\STL_VECTOR\STL_VECTOR\DEBUG\STL_VECTOR.PCH
D:\Proiect\Program_practice\STL_vector\STL_vector\Debug\STL_vector.vcxprojResolveAssemblyReference.cache
D:\Proiect\Program_practice\STL_vector\STL_vector\Debug\STL_vector.write.1.tlog
D:\Proiect\Program_practice\STL_vector\STL_vector\Debug\STL_vector_manifest.rc
D:\Proiect\Program_practice\STL_vector\STL_vector\Debug\vc100.idb
D:\PROIECT\PROGRAM_PRACTICE\STL_VECTOR\STL_VECTOR\DEBUG\VC100.PDB
