D:\PROIECT\PROGRAM_PRACTICE\STL_MYDEUQE\DEBUG\STL_MYDEUQE.EXE
D:\PROIECT\PROGRAM_PRACTICE\STL_MYDEUQE\DEBUG\STL_MYDEUQE.ILK
D:\PROIECT\PROGRAM_PRACTICE\STL_MYDEUQE\DEBUG\STL_MYDEUQE.PDB
D:\Proiect\Program_practice\STL_MyDeuqe\STL_MyDeuqe\Debug\cl.command.1.tlog
D:\Proiect\Program_practice\STL_MyDeuqe\STL_MyDeuqe\Debug\CL.read.1.tlog
D:\Proiect\Program_practice\STL_MyDeuqe\STL_MyDeuqe\Debug\CL.write.1.tlog
D:\Proiect\Program_practice\STL_MyDeuqe\STL_MyDeuqe\Debug\link.14080.read.1.tlog
D:\Proiect\Program_practice\STL_MyDeuqe\STL_MyDeuqe\Debug\link.14080.write.1.tlog
D:\Proiect\Program_practice\STL_MyDeuqe\STL_MyDeuqe\Debug\link.14080-cvtres.read.1.tlog
D:\Proiect\Program_practice\STL_MyDeuqe\STL_MyDeuqe\Debug\link.14080-cvtres.write.1.tlog
D:\Proiect\Program_practice\STL_MyDeuqe\STL_MyDeuqe\Debug\link.command.1.tlog
D:\Proiect\Program_practice\STL_MyDeuqe\STL_MyDeuqe\Debug\link.read.1.tlog
D:\Proiect\Program_practice\STL_MyDeuqe\STL_MyDeuqe\Debug\link.write.1.tlog
D:\Proiect\Program_practice\STL_MyDeuqe\STL_MyDeuqe\Debug\link-cvtres.read.1.tlog
D:\Proiect\Program_practice\STL_MyDeuqe\STL_MyDeuqe\Debug\link-cvtres.write.1.tlog
D:\Proiect\Program_practice\STL_MyDeuqe\STL_MyDeuqe\Debug\mt.command.1.tlog
D:\Proiect\Program_practice\STL_MyDeuqe\STL_MyDeuqe\Debug\mt.read.1.tlog
D:\Proiect\Program_practice\STL_MyDeuqe\STL_MyDeuqe\Debug\mt.write.1.tlog
D:\Proiect\Program_practice\STL_MyDeuqe\STL_MyDeuqe\Debug\rc.command.1.tlog
D:\Proiect\Program_practice\STL_MyDeuqe\STL_MyDeuqe\Debug\rc.read.1.tlog
D:\Proiect\Program_practice\STL_MyDeuqe\STL_MyDeuqe\Debug\rc.write.1.tlog
D:\PROIECT\PROGRAM_PRACTICE\STL_MYDEUQE\STL_MYDEUQE\DEBUG\STDAFX.OBJ
D:\PROIECT\PROGRAM_PRACTICE\STL_MYDEUQE\STL_MYDEUQE\DEBUG\STL_MYDEUQE.EXE.EMBED.MANIFEST
D:\PROIECT\PROGRAM_PRACTICE\STL_MYDEUQE\STL_MYDEUQE\DEBUG\STL_MYDEUQE.EXE.EMBED.MANIFEST.RES
D:\PROIECT\PROGRAM_PRACTICE\STL_MYDEUQE\STL_MYDEUQE\DEBUG\STL_MYDEUQE.EXE.INTERMEDIATE.MANIFEST
D:\PROIECT\PROGRAM_PRACTICE\STL_MYDEUQE\STL_MYDEUQE\DEBUG\STL_MYDEUQE.OBJ
D:\PROIECT\PROGRAM_PRACTICE\STL_MYDEUQE\STL_MYDEUQE\DEBUG\STL_MYDEUQE.PCH
D:\Proiect\Program_practice\STL_MyDeuqe\STL_MyDeuqe\Debug\STL_MyDeuqe.write.1.tlog
D:\Proiect\Program_practice\STL_MyDeuqe\STL_MyDeuqe\Debug\STL_MyDeuqe_manifest.rc
D:\Proiect\Program_practice\STL_MyDeuqe\STL_MyDeuqe\Debug\vc100.idb
D:\PROIECT\PROGRAM_PRACTICE\STL_MYDEUQE\STL_MYDEUQE\DEBUG\VC100.PDB
