生成启动时间为 2016/12/29 23:00:52。
     1>项目“D:\Proiect\Program_practice\STL_string\STL_string\STL_string.vcxproj”在节点 2 上(build 个目标)。
     1>InitializeBuildStatus:
         正在创建“Debug\STL_string.unsuccessfulbuild”，因为已指定“AlwaysCreate”。
       ClCompile:
         所有输出均为最新。
         D:\Program Files (x86)\Microsoft Visual Studio 10.0\VC\bin\CL.exe /c /ZI /nologo /W3 /WX- /Od /Oy- /D WIN32 /D _DEBUG /D _CONSOLE /D _UNICODE /D UNICODE /Gm /EHsc /RTC1 /MDd /GS /fp:precise /Zc:wchar_t /Zc:forScope /Yu"StdAfx.h" /Fp"Debug\STL_string.pch" /Fo"Debug\\" /Fd"Debug\vc100.pdb" /Gd /TP /analyze- /errorReport:prompt STL_string.cpp
         STL_string.cpp
       ManifestResourceCompile:
         所有输出均为最新。
       Link:
         D:\Program Files (x86)\Microsoft Visual Studio 10.0\VC\bin\link.exe /ERRORREPORT:PROMPT /OUT:"D:\Proiect\Program_practice\STL_string\Debug\STL_string.exe" /INCREMENTAL /NOLOGO kernel32.lib user32.lib gdi32.lib winspool.lib comdlg32.lib advapi32.lib shell32.lib ole32.lib oleaut32.lib uuid.lib odbc32.lib odbccp32.lib /MANIFEST /ManifestFile:"Debug\STL_string.exe.intermediate.manifest" /MANIFESTUAC:"level='asInvoker' uiAccess='false'" /DEBUG /PDB:"D:\Proiect\Program_practice\STL_string\Debug\STL_string.pdb" /SUBSYSTEM:CONSOLE /TLBID:1 /DYNAMICBASE /NXCOMPAT /IMPLIB:"D:\Proiect\Program_practice\STL_string\Debug\STL_string.lib" /MACHINE:X86 Debug\STL_string.exe.embed.manifest.res
         Debug\stdafx.obj
         Debug\STL_string.obj
       Manifest:
         C:\Program Files (x86)\Microsoft SDKs\Windows\v7.0A\bin\mt.exe /nologo /verbose /out:"Debug\STL_string.exe.embed.manifest" /manifest Debug\STL_string.exe.intermediate.manifest
         所有输出均为最新。
       LinkEmbedManifest:
         所有输出均为最新。
         STL_string.vcxproj -> D:\Proiect\Program_practice\STL_string\Debug\STL_string.exe
       FinalizeBuildStatus:
         正在删除文件“Debug\STL_string.unsuccessfulbuild”。
         正在对“Debug\STL_string.lastbuildstate”执行 Touch 任务。
     1>已完成生成项目“D:\Proiect\Program_practice\STL_string\STL_string\STL_string.vcxproj”(build 个目标)的操作。

生成成功。

已用时间 00:00:01.56
