D:\PROIECT\PROGRAM_PRACTICE\STL_MYVECTOR\DEBUG\STL_MYVECTOR.EXE
D:\PROIECT\PROGRAM_PRACTICE\STL_MYVECTOR\DEBUG\STL_MYVECTOR.ILK
D:\PROIECT\PROGRAM_PRACTICE\STL_MYVECTOR\DEBUG\STL_MYVECTOR.PDB
D:\Proiect\Program_practice\STL_MyVector\STL_MyVector\Debug\cl.command.1.tlog
D:\Proiect\Program_practice\STL_MyVector\STL_MyVector\Debug\CL.read.1.tlog
D:\Proiect\Program_practice\STL_MyVector\STL_MyVector\Debug\CL.write.1.tlog
D:\Proiect\Program_practice\STL_MyVector\STL_MyVector\Debug\link.4456.read.1.tlog
D:\Proiect\Program_practice\STL_MyVector\STL_MyVector\Debug\link.4456.write.1.tlog
D:\Proiect\Program_practice\STL_MyVector\STL_MyVector\Debug\link.4456-cvtres.read.1.tlog
D:\Proiect\Program_practice\STL_MyVector\STL_MyVector\Debug\link.4456-cvtres.write.1.tlog
D:\Proiect\Program_practice\STL_MyVector\STL_MyVector\Debug\link.command.1.tlog
D:\Proiect\Program_practice\STL_MyVector\STL_MyVector\Debug\link.read.1.tlog
D:\Proiect\Program_practice\STL_MyVector\STL_MyVector\Debug\link.write.1.tlog
D:\Proiect\Program_practice\STL_MyVector\STL_MyVector\Debug\link-cvtres.read.1.tlog
D:\Proiect\Program_practice\STL_MyVector\STL_MyVector\Debug\link-cvtres.write.1.tlog
D:\Proiect\Program_practice\STL_MyVector\STL_MyVector\Debug\mt.command.1.tlog
D:\Proiect\Program_practice\STL_MyVector\STL_MyVector\Debug\mt.read.1.tlog
D:\Proiect\Program_practice\STL_MyVector\STL_MyVector\Debug\mt.write.1.tlog
D:\Proiect\Program_practice\STL_MyVector\STL_MyVector\Debug\rc.command.1.tlog
D:\Proiect\Program_practice\STL_MyVector\STL_MyVector\Debug\rc.read.1.tlog
D:\Proiect\Program_practice\STL_MyVector\STL_MyVector\Debug\rc.write.1.tlog
D:\PROIECT\PROGRAM_PRACTICE\STL_MYVECTOR\STL_MYVECTOR\DEBUG\STDAFX.OBJ
D:\PROIECT\PROGRAM_PRACTICE\STL_MYVECTOR\STL_MYVECTOR\DEBUG\STL_MYVECTOR.EXE.EMBED.MANIFEST
D:\PROIECT\PROGRAM_PRACTICE\STL_MYVECTOR\STL_MYVECTOR\DEBUG\STL_MYVECTOR.EXE.EMBED.MANIFEST.RES
D:\PROIECT\PROGRAM_PRACTICE\STL_MYVECTOR\STL_MYVECTOR\DEBUG\STL_MYVECTOR.EXE.INTERMEDIATE.MANIFEST
D:\PROIECT\PROGRAM_PRACTICE\STL_MYVECTOR\STL_MYVECTOR\DEBUG\STL_MYVECTOR.OBJ
D:\PROIECT\PROGRAM_PRACTICE\STL_MYVECTOR\STL_MYVECTOR\DEBUG\STL_MYVECTOR.PCH
D:\Proiect\Program_practice\STL_MyVector\STL_MyVector\Debug\STL_MyVector.vcxprojResolveAssemblyReference.cache
D:\Proiect\Program_practice\STL_MyVector\STL_MyVector\Debug\STL_MyVector.write.1.tlog
D:\Proiect\Program_practice\STL_MyVector\STL_MyVector\Debug\STL_MyVector_manifest.rc
D:\Proiect\Program_practice\STL_MyVector\STL_MyVector\Debug\vc100.idb
D:\PROIECT\PROGRAM_PRACTICE\STL_MYVECTOR\STL_MYVECTOR\DEBUG\VC100.PDB
