D:\PROIECT\PROGRAM_PRACTICE\STL_BINARY_TREE\DEBUG\STL_BINARY_TREE.EXE
D:\PROIECT\PROGRAM_PRACTICE\STL_BINARY_TREE\DEBUG\STL_BINARY_TREE.ILK
D:\PROIECT\PROGRAM_PRACTICE\STL_BINARY_TREE\DEBUG\STL_BINARY_TREE.PDB
D:\Proiect\Program_practice\STL_binary_tree\STL_binary_tree\Debug\cl.command.1.tlog
D:\Proiect\Program_practice\STL_binary_tree\STL_binary_tree\Debug\CL.read.1.tlog
D:\Proiect\Program_practice\STL_binary_tree\STL_binary_tree\Debug\CL.write.1.tlog
D:\Proiect\Program_practice\STL_binary_tree\STL_binary_tree\Debug\link.12504.read.1.tlog
D:\Proiect\Program_practice\STL_binary_tree\STL_binary_tree\Debug\link.12504.write.1.tlog
D:\Proiect\Program_practice\STL_binary_tree\STL_binary_tree\Debug\link.12504-cvtres.read.1.tlog
D:\Proiect\Program_practice\STL_binary_tree\STL_binary_tree\Debug\link.12504-cvtres.write.1.tlog
D:\Proiect\Program_practice\STL_binary_tree\STL_binary_tree\Debug\link.13180.read.1.tlog
D:\Proiect\Program_practice\STL_binary_tree\STL_binary_tree\Debug\link.13180.write.1.tlog
D:\Proiect\Program_practice\STL_binary_tree\STL_binary_tree\Debug\link.13180-cvtres.read.1.tlog
D:\Proiect\Program_practice\STL_binary_tree\STL_binary_tree\Debug\link.13180-cvtres.write.1.tlog
D:\Proiect\Program_practice\STL_binary_tree\STL_binary_tree\Debug\link.command.1.tlog
D:\Proiect\Program_practice\STL_binary_tree\STL_binary_tree\Debug\link.read.1.tlog
D:\Proiect\Program_practice\STL_binary_tree\STL_binary_tree\Debug\link.write.1.tlog
D:\Proiect\Program_practice\STL_binary_tree\STL_binary_tree\Debug\link-cvtres.read.1.tlog
D:\Proiect\Program_practice\STL_binary_tree\STL_binary_tree\Debug\link-cvtres.write.1.tlog
D:\Proiect\Program_practice\STL_binary_tree\STL_binary_tree\Debug\mt.command.1.tlog
D:\Proiect\Program_practice\STL_binary_tree\STL_binary_tree\Debug\mt.read.1.tlog
D:\Proiect\Program_practice\STL_binary_tree\STL_binary_tree\Debug\mt.write.1.tlog
D:\Proiect\Program_practice\STL_binary_tree\STL_binary_tree\Debug\rc.command.1.tlog
D:\Proiect\Program_practice\STL_binary_tree\STL_binary_tree\Debug\rc.read.1.tlog
D:\Proiect\Program_practice\STL_binary_tree\STL_binary_tree\Debug\rc.write.1.tlog
D:\PROIECT\PROGRAM_PRACTICE\STL_BINARY_TREE\STL_BINARY_TREE\DEBUG\STDAFX.OBJ
D:\PROIECT\PROGRAM_PRACTICE\STL_BINARY_TREE\STL_BINARY_TREE\DEBUG\STL_BINARY_TREE.EXE.EMBED.MANIFEST
D:\PROIECT\PROGRAM_PRACTICE\STL_BINARY_TREE\STL_BINARY_TREE\DEBUG\STL_BINARY_TREE.EXE.EMBED.MANIFEST.RES
D:\PROIECT\PROGRAM_PRACTICE\STL_BINARY_TREE\STL_BINARY_TREE\DEBUG\STL_BINARY_TREE.EXE.INTERMEDIATE.MANIFEST
D:\PROIECT\PROGRAM_PRACTICE\STL_BINARY_TREE\STL_BINARY_TREE\DEBUG\STL_BINARY_TREE.OBJ
D:\PROIECT\PROGRAM_PRACTICE\STL_BINARY_TREE\STL_BINARY_TREE\DEBUG\STL_BINARY_TREE.PCH
D:\Proiect\Program_practice\STL_binary_tree\STL_binary_tree\Debug\STL_binary_tree.vcxprojResolveAssemblyReference.cache
D:\Proiect\Program_practice\STL_binary_tree\STL_binary_tree\Debug\STL_binary_tree.write.1.tlog
D:\Proiect\Program_practice\STL_binary_tree\STL_binary_tree\Debug\STL_binary_tree_manifest.rc
D:\Proiect\Program_practice\STL_binary_tree\STL_binary_tree\Debug\vc100.idb
D:\PROIECT\PROGRAM_PRACTICE\STL_BINARY_TREE\STL_BINARY_TREE\DEBUG\VC100.PDB
