生成启动时间为 2017/1/9 23:23:33。
     1>项目“D:\Proiect\Program_practice\STL_binary_tree\STL_binary_tree\STL_binary_tree.vcxproj”在节点 2 上(build 个目标)。
     1>InitializeBuildStatus:
         正在创建“Debug\STL_binary_tree.unsuccessfulbuild”，因为已指定“AlwaysCreate”。
       ClCompile:
         所有输出均为最新。
         D:\Program Files (x86)\Microsoft Visual Studio 10.0\VC\bin\CL.exe /c /ZI /nologo /W3 /WX- /Od /Oy- /D WIN32 /D _DEBUG /D _CONSOLE /D _UNICODE /D UNICODE /Gm /EHsc /RTC1 /MDd /GS /fp:precise /Zc:wchar_t /Zc:forScope /Yu"StdAfx.h" /Fp"Debug\STL_binary_tree.pch" /Fo"Debug\\" /Fd"Debug\vc100.pdb" /Gd /TP /analyze- /errorReport:prompt STL_binary_tree.cpp
         STL_binary_tree.cpp
       ManifestResourceCompile:
         所有输出均为最新。
       Link:
         D:\Program Files (x86)\Microsoft Visual Studio 10.0\VC\bin\link.exe /ERRORREPORT:PROMPT /OUT:"D:\Proiect\Program_practice\STL_binary_tree\Debug\STL_binary_tree.exe" /INCREMENTAL /NOLOGO kernel32.lib user32.lib gdi32.lib winspool.lib comdlg32.lib advapi32.lib shell32.lib ole32.lib oleaut32.lib uuid.lib odbc32.lib odbccp32.lib /MANIFEST /ManifestFile:"Debug\STL_binary_tree.exe.intermediate.manifest" /MANIFESTUAC:"level='asInvoker' uiAccess='false'" /DEBUG /PDB:"D:\Proiect\Program_practice\STL_binary_tree\Debug\STL_binary_tree.pdb" /SUBSYSTEM:CONSOLE /TLBID:1 /DYNAMICBASE /NXCOMPAT /IMPLIB:"D:\Proiect\Program_practice\STL_binary_tree\Debug\STL_binary_tree.lib" /MACHINE:X86 Debug\STL_binary_tree.exe.embed.manifest.res
         Debug\stdafx.obj
         Debug\STL_binary_tree.obj
       Manifest:
         C:\Program Files (x86)\Microsoft SDKs\Windows\v7.0A\bin\mt.exe /nologo /verbose /out:"Debug\STL_binary_tree.exe.embed.manifest" /manifest Debug\STL_binary_tree.exe.intermediate.manifest
         所有输出均为最新。
       LinkEmbedManifest:
         所有输出均为最新。
         STL_binary_tree.vcxproj -> D:\Proiect\Program_practice\STL_binary_tree\Debug\STL_binary_tree.exe
       FinalizeBuildStatus:
         正在删除文件“Debug\STL_binary_tree.unsuccessfulbuild”。
         正在对“Debug\STL_binary_tree.lastbuildstate”执行 Touch 任务。
     1>已完成生成项目“D:\Proiect\Program_practice\STL_binary_tree\STL_binary_tree\STL_binary_tree.vcxproj”(build 个目标)的操作。

生成成功。

已用时间 00:00:02.25
